<?xml version="1.0" encoding="UTF-8"?>
<!-- Generated by org.testng.reporters.JUnitReportReporter -->
<testsuite hostname="LAPTOP-5KCODA6R" failures="0" tests="1" name="com.microsoft.testscript.CustomerModule" time="0.018" errors="0" timestamp="2023-06-01T11:36:43 IST" skipped="0">
  <testcase classname="com.microsoft.testscript.CustomerModule" name="createCustomer" time="0.018"/>
  <system-out>
Create customer  </system-out>
</testsuite> <!-- com.microsoft.testscript.CustomerModule -->
